<?xml version="1.0" encoding="UTF-8"?>
<!-- Generated by org.testng.reporters.JUnitXMLReporter -->
<testsuite ignored="0" hostname="DESKTOP-MUIS24O" failures="0" tests="9" name="Test" time="45.729" errors="0" timestamp="2020-09-18T16:50:17 CEST">
  <testcase classname="resources.Base" name="@BeforeMethod browserSetUp" time="21.734">
    <failure type="org.openqa.selenium.WebDriverException" message="Timed out waiting for driver server to start.
Build info: version: &amp;apos;4.0.0-alpha-6&amp;apos;, revision: &amp;apos;5f43a29cfc&amp;apos;
System info: host: &amp;apos;DESKTOP-MUIS24O&amp;apos;, ip: &amp;apos;192.168.178.58&amp;apos;, os.name: &amp;apos;Windows 10&amp;apos;, os.arch: &amp;apos;amd64&amp;apos;, os.version: &amp;apos;10.0&amp;apos;, java.version: &amp;apos;13.0.2&amp;apos;
Driver info: driver.version: ChromeDriver">
      <![CDATA[org.openqa.selenium.WebDriverException: Timed out waiting for driver server to start.
Build info: version: '4.0.0-alpha-6', revision: '5f43a29cfc'
System info: host: 'DESKTOP-MUIS24O', ip: '192.168.178.58', os.name: 'Windows 10', os.arch: 'amd64', os.version: '10.0', java.version: '13.0.2'
Driver info: driver.version: ChromeDriver
at org.openqa.selenium.remote.service.DriverService.start(DriverService.java:210)
at org.openqa.selenium.remote.service.DriverCommandExecutor.execute(DriverCommandExecutor.java:79)
at org.openqa.selenium.remote.RemoteWebDriver.execute(RemoteWebDriver.java:582)
at org.openqa.selenium.remote.RemoteWebDriver.startSession(RemoteWebDriver.java:216)
at org.openqa.selenium.remote.RemoteWebDriver.<init>(RemoteWebDriver.java:136)
at org.openqa.selenium.chromium.ChromiumDriver.<init>(ChromiumDriver.java:75)
at org.openqa.selenium.chrome.ChromeDriver.<init>(ChromeDriver.java:163)
at org.openqa.selenium.chrome.ChromeDriver.<init>(ChromeDriver.java:150)
at org.openqa.selenium.chrome.ChromeDriver.<init>(ChromeDriver.java:139)
at resources.Base.browserSetUp(Base.java:54)
at java.base/java.util.concurrent.ThreadPoolExecutor.runWorker(ThreadPoolExecutor.java:1128)
at java.base/java.util.concurrent.ThreadPoolExecutor$Worker.run(ThreadPoolExecutor.java:628)
at java.base/java.lang.Thread.run(Thread.java:830)
Caused by: java.util.concurrent.ExecutionException: java.lang.RuntimeException: java.lang.InterruptedException
at java.base/java.util.concurrent.CompletableFuture.reportGet(CompletableFuture.java:395)
at java.base/java.util.concurrent.CompletableFuture.get(CompletableFuture.java:2093)
at org.openqa.selenium.remote.service.DriverService.start(DriverService.java:204)
... 28 more
Caused by: java.lang.RuntimeException: java.lang.InterruptedException
at org.openqa.selenium.net.UrlChecker.waitUntilAvailable(UrlChecker.java:95)
at org.openqa.selenium.remote.service.DriverService.waitUntilAvailable(DriverService.java:227)
at org.openqa.selenium.remote.service.DriverService.lambda$start$0(DriverService.java:193)
at java.base/java.util.concurrent.CompletableFuture$AsyncSupply.run(CompletableFuture.java:1771)
at java.base/java.util.concurrent.CompletableFuture$AsyncSupply.exec(CompletableFuture.java:1763)
at java.base/java.util.concurrent.ForkJoinTask.doExec(ForkJoinTask.java:290)
at java.base/java.util.concurrent.ForkJoinPool$WorkQueue.topLevelExec(ForkJoinPool.java:1016)
at java.base/java.util.concurrent.ForkJoinPool.scan(ForkJoinPool.java:1665)
at java.base/java.util.concurrent.ForkJoinPool.runWorker(ForkJoinPool.java:1598)
at java.base/java.util.concurrent.ForkJoinWorkerThread.run(ForkJoinWorkerThread.java:177)
Caused by: java.lang.InterruptedException
at java.base/java.util.concurrent.FutureTask.awaitDone(FutureTask.java:418)
at java.base/java.util.concurrent.FutureTask.get(FutureTask.java:203)
at org.openqa.selenium.net.UrlChecker.waitUntilAvailable(UrlChecker.java:88)
... 9 more
... Removed 16 stack frames]]>
    </failure>
  </testcase> <!-- @BeforeMethod browserSetUp -->
  <testcase classname="resources.Base" name="@AfterMethod recordFailure" time="-1.600440593763E9">
    <skipped/>
  </testcase> <!-- @AfterMethod recordFailure -->
  <testcase classname="resources.Base" name="@AfterMethod tearDown" time="-1.600440593764E9">
    <skipped/>
  </testcase> <!-- @AfterMethod tearDown -->
  <testcase classname="resources.Base" name="@BeforeMethod browserSetUp" time="-1.600440593788E9">
    <skipped/>
  </testcase> <!-- @BeforeMethod browserSetUp -->
  <testcase classname="resources.Base" name="@AfterMethod recordFailure" time="-1.600440593817E9">
    <skipped/>
  </testcase> <!-- @AfterMethod recordFailure -->
  <testcase classname="resources.Base" name="@AfterMethod tearDown" time="-1.60044059382E9">
    <skipped/>
  </testcase> <!-- @AfterMethod tearDown -->
  <testcase classname="resources.Base" name="@BeforeMethod browserSetUp" time="-1.600440593824E9">
    <skipped/>
  </testcase> <!-- @BeforeMethod browserSetUp -->
  <testcase classname="resources.Base" name="@AfterMethod recordFailure" time="-1.600440593875E9">
    <skipped/>
  </testcase> <!-- @AfterMethod recordFailure -->
  <testcase classname="resources.Base" name="@AfterMethod tearDown" time="-1.600440593876E9">
    <skipped/>
  </testcase> <!-- @AfterMethod tearDown -->
  <testcase classname="horizontalSliderTests.SliderTests" name="verifyFifthValue" time="0.0">
    <skipped/>
  </testcase> <!-- verifyFifthValue -->
  <testcase classname="horizontalSliderTests.SliderTests" name="verifySecondValue" time="0.0">
    <skipped/>
  </testcase> <!-- verifySecondValue -->
  <testcase classname="horizontalSliderTests.SliderTests" name="verifyFourthValue" time="0.0">
    <skipped/>
  </testcase> <!-- verifyFourthValue -->
  <testcase classname="nestedFramesTests.NestedFramesTests" name="verifyLeftFrame" time="2.052"/>
  <testcase classname="uploadFilesTests.UploadFileTests" name="uploadPDFFile" time="2.461"/>
  <testcase classname="authenticationTests.AuthenticationForm" name="sucessAuthentication" time="2.647"/>
  <testcase classname="nestedFramesTests.NestedFramesTests" name="verifyRightFrame" time="1.082"/>
  <testcase classname="authenticationTests.AuthenticationForm" name="failedAuthentication" time="1.358"/>
  <testcase classname="authenticationTests.AuthenticationForm" name="incorrectPasswordAuth" time="1.385"/>
</testsuite> <!-- Test -->
